  [1m[36m (2.8ms)[0m  [1mCREATE TABLE "schema_migrations" ("version" varchar NOT NULL) [0m
  [1m[35m (0.1ms)[0m  select sqlite_version(*)
  [1m[36m (0.8ms)[0m  [1mCREATE UNIQUE INDEX "unique_schema_migrations" ON "schema_migrations" ("version")[0m
  [1m[35mActiveRecord::SchemaMigration Load (0.1ms)[0m  SELECT "schema_migrations".* FROM "schema_migrations"
Migrating to CreateUsers (20160209200148)
  [1m[36m (0.1ms)[0m  [1mbegin transaction[0m
  [1m[35m (0.4ms)[0m  CREATE TABLE "users" ("id" INTEGER PRIMARY KEY AUTOINCREMENT NOT NULL, "name" varchar, "email" varchar, "created_at" datetime NOT NULL, "updated_at" datetime NOT NULL) 
  [1m[36mSQL (0.1ms)[0m  [1mINSERT INTO "schema_migrations" ("version") VALUES (?)[0m  [["version", "20160209200148"]]
  [1m[35m (0.9ms)[0m  commit transaction
  [1m[36mActiveRecord::SchemaMigration Load (0.3ms)[0m  [1mSELECT "schema_migrations".* FROM "schema_migrations"[0m


Started GET "/" for ::1 at 2016-02-09 15:10:23 -0500
  [1m[36mActiveRecord::SchemaMigration Load (0.1ms)[0m  [1mSELECT "schema_migrations".* FROM "schema_migrations"[0m
Processing by Rails::WelcomeController#index as HTML
  Rendered /Users/Lisa/.rvm/gems/ruby-2.2.1/gems/railties-4.2.2/lib/rails/templates/rails/welcome/index.html.erb (1.2ms)
Completed 200 OK in 16ms (Views: 6.6ms | ActiveRecord: 0.0ms)


Started GET "/" for ::1 at 2016-02-09 15:12:50 -0500
  [1m[36mActiveRecord::SchemaMigration Load (0.1ms)[0m  [1mSELECT "schema_migrations".* FROM "schema_migrations"[0m
Processing by Rails::WelcomeController#index as HTML
  Rendered /Users/Lisa/.rvm/gems/ruby-2.2.1/gems/railties-4.2.2/lib/rails/templates/rails/welcome/index.html.erb (1.2ms)
Completed 200 OK in 17ms (Views: 6.5ms | ActiveRecord: 0.0ms)
  [1m[36mActiveRecord::SchemaMigration Load (0.1ms)[0m  [1mSELECT "schema_migrations".* FROM "schema_migrations"[0m
Migrating to CreateMicroposts (20160209202405)
  [1m[35m (0.1ms)[0m  begin transaction
  [1m[36m (0.5ms)[0m  [1mCREATE TABLE "microposts" ("id" INTEGER PRIMARY KEY AUTOINCREMENT NOT NULL, "content" text, "user_id" integer, "created_at" datetime NOT NULL, "updated_at" datetime NOT NULL) [0m
  [1m[35mSQL (0.2ms)[0m  INSERT INTO "schema_migrations" ("version") VALUES (?)  [["version", "20160209202405"]]
  [1m[36m (2.9ms)[0m  [1mcommit transaction[0m
  [1m[35mActiveRecord::SchemaMigration Load (0.1ms)[0m  SELECT "schema_migrations".* FROM "schema_migrations"


Started GET "/users" for ::1 at 2016-02-09 15:27:38 -0500
  [1m[36mActiveRecord::SchemaMigration Load (0.1ms)[0m  [1mSELECT "schema_migrations".* FROM "schema_migrations"[0m
Processing by UsersController#index as HTML
  [1m[35mUser Load (0.2ms)[0m  SELECT "users".* FROM "users"
  Rendered users/index.html.erb within layouts/application (3.4ms)
Completed 200 OK in 1613ms (Views: 1602.5ms | ActiveRecord: 0.3ms)


Started GET "/assets/microposts.self-e3b0c44298fc1c149afbf4c8996fb92427ae41e4649b934ca495991b7852b855.css?body=1" for ::1 at 2016-02-09 15:27:39 -0500


Started GET "/assets/scaffolds.self-85f9635f8e0c48e405bb78e04332b929a1c1051fc21d0a21392cdd4c357ff566.css?body=1" for ::1 at 2016-02-09 15:27:39 -0500


Started GET "/assets/users.self-e3b0c44298fc1c149afbf4c8996fb92427ae41e4649b934ca495991b7852b855.css?body=1" for ::1 at 2016-02-09 15:27:39 -0500


Started GET "/assets/turbolinks.self-c846e670826600e8c91b1a5ada3e6547110d996cd6ff24cde55024f7a135a1b4.js?body=1" for ::1 at 2016-02-09 15:27:39 -0500


Started GET "/assets/jquery.self-d03a5518f45df77341bdbe6201ba3bfa547ebba8ed64f0ea56bfa5f96ea7c074.js?body=1" for ::1 at 2016-02-09 15:27:40 -0500


Started GET "/assets/application.self-e80e8f2318043e8af94dddc2adad5a4f09739a8ebb323b3ab31cd71d45fd9113.css?body=1" for ::1 at 2016-02-09 15:27:40 -0500


Started GET "/assets/jquery_ujs.self-8e98a7a072a6cee1372d19fff9ff3e6aa1e39a37d89d6f06861637d061113ee7.js?body=1" for ::1 at 2016-02-09 15:27:40 -0500


Started GET "/assets/microposts.self-877aef30ae1b040ab8a3aba4e3e309a11d7f2612f44dde450b5c157aa5f95c05.js?body=1" for ::1 at 2016-02-09 15:27:40 -0500


Started GET "/assets/users.self-877aef30ae1b040ab8a3aba4e3e309a11d7f2612f44dde450b5c157aa5f95c05.js?body=1" for ::1 at 2016-02-09 15:27:40 -0500


Started GET "/assets/application.self-3b8dabdc891efe46b9a144b400ad69e37d7e5876bdc39dee783419a69d7ca819.js?body=1" for ::1 at 2016-02-09 15:27:40 -0500


Started GET "/users/new" for ::1 at 2016-02-09 15:27:42 -0500
Processing by UsersController#new as HTML
  Rendered users/_form.html.erb (27.0ms)
  Rendered users/new.html.erb within layouts/application (33.4ms)
Completed 200 OK in 74ms (Views: 67.3ms | ActiveRecord: 0.3ms)


Started POST "/users" for ::1 at 2016-02-09 15:28:12 -0500
Processing by UsersController#create as HTML
  Parameters: {"utf8"=>"✓", "authenticity_token"=>"m0EP+clqF4mDZ63DzUEJ4PAqkaQccebSOC/Z8JuYdcJ9Io/PPziBUYbstOa2uXFb4IZkz0MTfXycGSqGeMZNyw==", "user"=>{"name"=>"Lisa Lin", "email"=>"lisa@example.org"}, "commit"=>"Create User"}
  [1m[36m (0.1ms)[0m  [1mbegin transaction[0m
  [1m[35mSQL (0.4ms)[0m  INSERT INTO "users" ("name", "email", "created_at", "updated_at") VALUES (?, ?, ?, ?)  [["name", "Lisa Lin"], ["email", "lisa@example.org"], ["created_at", "2016-02-09 20:28:12.437354"], ["updated_at", "2016-02-09 20:28:12.437354"]]
  [1m[36m (0.8ms)[0m  [1mcommit transaction[0m
Redirected to http://localhost:3000/users/1
Completed 302 Found in 8ms (ActiveRecord: 1.2ms)


Started GET "/users/1" for ::1 at 2016-02-09 15:28:12 -0500
Processing by UsersController#show as HTML
  Parameters: {"id"=>"1"}
  [1m[35mUser Load (0.5ms)[0m  SELECT  "users".* FROM "users" WHERE "users"."id" = ? LIMIT 1  [["id", 1]]
  Rendered users/show.html.erb within layouts/application (1.2ms)
Completed 200 OK in 51ms (Views: 41.7ms | ActiveRecord: 0.5ms)


Started GET "/users" for ::1 at 2016-02-09 15:28:38 -0500
Processing by UsersController#index as HTML
  [1m[36mUser Load (0.1ms)[0m  [1mSELECT "users".* FROM "users"[0m
  Rendered users/index.html.erb within layouts/application (1.5ms)
Completed 200 OK in 26ms (Views: 25.4ms | ActiveRecord: 0.1ms)


Started GET "/users/new" for ::1 at 2016-02-09 15:28:43 -0500
Processing by UsersController#new as HTML
  Rendered users/_form.html.erb (1.4ms)
  Rendered users/new.html.erb within layouts/application (5.8ms)
Completed 200 OK in 30ms (Views: 29.8ms | ActiveRecord: 0.0ms)


Started POST "/users" for ::1 at 2016-02-09 15:28:53 -0500
Processing by UsersController#create as HTML
  Parameters: {"utf8"=>"✓", "authenticity_token"=>"3Axx+m5/kRHLJ/fRA0ORaKLZi8txO9ZZGuyfJiJJP6g6b/HMmC0Hyc6s7vR4u+nTsnV+oC5ZTfe+2mxQwRcHoQ==", "user"=>{"name"=>"Foo Bar", "email"=>"foo@bar.com"}, "commit"=>"Create User"}
  [1m[35m (0.1ms)[0m  begin transaction
  [1m[36mSQL (0.2ms)[0m  [1mINSERT INTO "users" ("name", "email", "created_at", "updated_at") VALUES (?, ?, ?, ?)[0m  [["name", "Foo Bar"], ["email", "foo@bar.com"], ["created_at", "2016-02-09 20:28:53.087996"], ["updated_at", "2016-02-09 20:28:53.087996"]]
  [1m[35m (0.9ms)[0m  commit transaction
Redirected to http://localhost:3000/users/2
Completed 302 Found in 4ms (ActiveRecord: 1.2ms)


Started GET "/users/2" for ::1 at 2016-02-09 15:28:53 -0500
Processing by UsersController#show as HTML
  Parameters: {"id"=>"2"}
  [1m[36mUser Load (0.1ms)[0m  [1mSELECT  "users".* FROM "users" WHERE "users"."id" = ? LIMIT 1[0m  [["id", 2]]
  Rendered users/show.html.erb within layouts/application (0.4ms)
Completed 200 OK in 24ms (Views: 23.5ms | ActiveRecord: 0.1ms)


Started GET "/users" for ::1 at 2016-02-09 15:28:54 -0500
Processing by UsersController#index as HTML
  [1m[35mUser Load (0.1ms)[0m  SELECT "users".* FROM "users"
  Rendered users/index.html.erb within layouts/application (1.3ms)
Completed 200 OK in 30ms (Views: 28.8ms | ActiveRecord: 0.1ms)


Started GET "/microposts" for ::1 at 2016-02-09 15:29:09 -0500
Processing by MicropostsController#index as HTML
  [1m[36mMicropost Load (0.1ms)[0m  [1mSELECT "microposts".* FROM "microposts"[0m
  Rendered microposts/index.html.erb within layouts/application (1.6ms)
Completed 200 OK in 27ms (Views: 24.7ms | ActiveRecord: 0.2ms)


Started GET "/microposts/new" for ::1 at 2016-02-09 15:29:11 -0500
Processing by MicropostsController#new as HTML
  Rendered microposts/_form.html.erb (3.3ms)
  Rendered microposts/new.html.erb within layouts/application (7.3ms)
Completed 200 OK in 35ms (Views: 31.5ms | ActiveRecord: 0.2ms)


Started POST "/microposts" for ::1 at 2016-02-09 15:29:26 -0500
Processing by MicropostsController#create as HTML
  Parameters: {"utf8"=>"✓", "authenticity_token"=>"wHbpzEYJYu/kSbDfaq3o1gl2+MNk0NN8dvjCcVfmZ+0mFWn6sFv0N+HCqfoRVZBtGdoNqDuySNLSzjEHtLhf5A==", "micropost"=>{"content"=>"First micropost!", "user_id"=>"1"}, "commit"=>"Create Micropost"}
  [1m[35m (0.1ms)[0m  begin transaction
  [1m[36mSQL (0.4ms)[0m  [1mINSERT INTO "microposts" ("content", "user_id", "created_at", "updated_at") VALUES (?, ?, ?, ?)[0m  [["content", "First micropost!"], ["user_id", 1], ["created_at", "2016-02-09 20:29:26.805364"], ["updated_at", "2016-02-09 20:29:26.805364"]]
  [1m[35m (2.9ms)[0m  commit transaction
Redirected to http://localhost:3000/microposts/1
Completed 302 Found in 7ms (ActiveRecord: 3.4ms)


Started GET "/microposts/1" for ::1 at 2016-02-09 15:29:26 -0500
Processing by MicropostsController#show as HTML
  Parameters: {"id"=>"1"}
  [1m[36mMicropost Load (0.3ms)[0m  [1mSELECT  "microposts".* FROM "microposts" WHERE "microposts"."id" = ? LIMIT 1[0m  [["id", 1]]
  Rendered microposts/show.html.erb within layouts/application (0.7ms)
Completed 200 OK in 26ms (Views: 24.7ms | ActiveRecord: 0.3ms)


Started GET "/microposts" for ::1 at 2016-02-09 15:29:29 -0500
Processing by MicropostsController#index as HTML
  [1m[35mMicropost Load (0.1ms)[0m  SELECT "microposts".* FROM "microposts"
  Rendered microposts/index.html.erb within layouts/application (1.6ms)
Completed 200 OK in 26ms (Views: 25.0ms | ActiveRecord: 0.1ms)


Started GET "/microposts/new" for ::1 at 2016-02-09 15:29:43 -0500
Processing by MicropostsController#new as HTML
  Rendered microposts/_form.html.erb (1.3ms)
  Rendered microposts/new.html.erb within layouts/application (4.4ms)
Completed 200 OK in 32ms (Views: 31.6ms | ActiveRecord: 0.0ms)


Started POST "/microposts" for ::1 at 2016-02-09 15:30:13 -0500
Processing by MicropostsController#create as HTML
  Parameters: {"utf8"=>"✓", "authenticity_token"=>"i/q9r6w85W0b9FYEF6P3yBb6w6Ra0rmUXEwwC4j2DK1tmT2ZWm5ztR5/TyFsW49zBlY2zwWwIjr4esN9a6g0pA==", "micropost"=>{"content"=>"Second micropost", "user_id"=>"1"}, "commit"=>"Create Micropost"}
  [1m[36m (0.1ms)[0m  [1mbegin transaction[0m
  [1m[35mSQL (0.4ms)[0m  INSERT INTO "microposts" ("content", "user_id", "created_at", "updated_at") VALUES (?, ?, ?, ?)  [["content", "Second micropost"], ["user_id", 1], ["created_at", "2016-02-09 20:30:13.502735"], ["updated_at", "2016-02-09 20:30:13.502735"]]
  [1m[36m (2.7ms)[0m  [1mcommit transaction[0m
Redirected to http://localhost:3000/microposts/2
Completed 302 Found in 7ms (ActiveRecord: 3.2ms)


Started GET "/microposts/2" for ::1 at 2016-02-09 15:30:13 -0500
Processing by MicropostsController#show as HTML
  Parameters: {"id"=>"2"}
  [1m[35mMicropost Load (0.1ms)[0m  SELECT  "microposts".* FROM "microposts" WHERE "microposts"."id" = ? LIMIT 1  [["id", 2]]
  Rendered microposts/show.html.erb within layouts/application (0.3ms)
Completed 200 OK in 25ms (Views: 24.0ms | ActiveRecord: 0.1ms)


Started GET "/microposts" for ::1 at 2016-02-09 15:30:14 -0500
Processing by MicropostsController#index as HTML
  [1m[36mMicropost Load (0.2ms)[0m  [1mSELECT "microposts".* FROM "microposts"[0m
  Rendered microposts/index.html.erb within layouts/application (1.5ms)
Completed 200 OK in 27ms (Views: 25.9ms | ActiveRecord: 0.2ms)


Started GET "/microposts/new" for ::1 at 2016-02-09 15:31:31 -0500
Processing by MicropostsController#new as HTML
  Rendered microposts/_form.html.erb (1.8ms)
  Rendered microposts/new.html.erb within layouts/application (6.4ms)
Completed 200 OK in 39ms (Views: 30.0ms | ActiveRecord: 0.5ms)


Started POST "/microposts" for ::1 at 2016-02-09 15:31:50 -0500
Processing by MicropostsController#create as HTML
  Parameters: {"utf8"=>"✓", "authenticity_token"=>"vW7tV3M+SYxqBB4vFeL2jNEPti1foEdD8C5qVNQYIu5bDW1hhWzfVG+PBwpuGo43waNDRgDC3O1UGJkiN0Ya5w==", "micropost"=>{"content"=>"This micropost should fail if it is more than 140 characters.  This micropost should fail if it is more than 140 characters.  This micropost should fail if it is more than 140 characters.  This micropost should fail if it is more than 140 characters.  This micropost should fail if it is more than 140 characters. ", "user_id"=>"1"}, "commit"=>"Create Micropost"}
  [1m[35m (0.1ms)[0m  begin transaction
  [1m[36m (0.0ms)[0m  [1mrollback transaction[0m
  Rendered microposts/_form.html.erb (2.3ms)
  Rendered microposts/new.html.erb within layouts/application (5.2ms)
Completed 200 OK in 31ms (Views: 28.5ms | ActiveRecord: 0.1ms)


Started POST "/microposts" for ::1 at 2016-02-09 15:34:24 -0500
Processing by MicropostsController#create as HTML
  Parameters: {"utf8"=>"✓", "authenticity_token"=>"8TiH3w9KSOnWy3ytTRa9RCnJCXZNsi0f1C33UlkvGFcXWwfp+RjeMdNAZYg27sX/OWX8HRLQtrFwGwQkunEgXg==", "micropost"=>{"content"=>"Another post", "user_id"=>"2"}, "commit"=>"Create Micropost"}
  [1m[35m (0.0ms)[0m  begin transaction
  [1m[36mSQL (0.3ms)[0m  [1mINSERT INTO "microposts" ("content", "user_id", "created_at", "updated_at") VALUES (?, ?, ?, ?)[0m  [["content", "Another post"], ["user_id", 2], ["created_at", "2016-02-09 20:34:24.588683"], ["updated_at", "2016-02-09 20:34:24.588683"]]
  [1m[35m (2.7ms)[0m  commit transaction
Redirected to http://localhost:3000/microposts/3
Completed 302 Found in 12ms (ActiveRecord: 3.4ms)


Started GET "/microposts/3" for ::1 at 2016-02-09 15:34:24 -0500
Processing by MicropostsController#show as HTML
  Parameters: {"id"=>"3"}
  [1m[36mMicropost Load (0.2ms)[0m  [1mSELECT  "microposts".* FROM "microposts" WHERE "microposts"."id" = ? LIMIT 1[0m  [["id", 3]]
  Rendered microposts/show.html.erb within layouts/application (0.4ms)
Completed 200 OK in 25ms (Views: 23.6ms | ActiveRecord: 0.2ms)


Started GET "/microposts" for ::1 at 2016-02-09 15:34:26 -0500
Processing by MicropostsController#index as HTML
  [1m[35mMicropost Load (0.1ms)[0m  SELECT "microposts".* FROM "microposts"
  Rendered microposts/index.html.erb within layouts/application (1.3ms)
Completed 200 OK in 28ms (Views: 26.7ms | ActiveRecord: 0.1ms)
  [1m[36mUser Load (0.1ms)[0m  [1mSELECT  "users".* FROM "users"  ORDER BY "users"."id" ASC LIMIT 1[0m
  [1m[35mMicropost Load (0.2ms)[0m  SELECT "microposts".* FROM "microposts" WHERE "microposts"."user_id" = ?  [["user_id", 1]]
